<?xml version="1.0" encoding="UTF-8"?>
<testng-results skipped="0" failed="0" total="1" passed="1">
  <reporter-output>
  </reporter-output>
  <suite name="Default suite" duration-ms="688" started-at="2016-04-29T00:25:27Z" finished-at="2016-04-29T00:25:28Z">
    <groups>
    </groups>
    <test name="Default test" duration-ms="688" started-at="2016-04-29T00:25:27Z" finished-at="2016-04-29T00:25:28Z">
      <class name="org.fundacionjala.automation.HTTPRequest">
        <test-method status="PASS" signature="request()[pri:0, instance:org.fundacionjala.automation.HTTPRequest@252119]" name="request" duration-ms="641" started-at="2016-04-28T20:25:27Z" finished-at="2016-04-28T20:25:28Z">
          <reporter-output>
          </reporter-output>
        </test-method> <!-- request -->
      </class> <!-- org.fundacionjala.automation.HTTPRequest -->
    </test> <!-- Default test -->
  </suite> <!-- Default suite -->
</testng-results>
